{"ts":1682004493310,"scriptPath":["lerna","install"],"envNames":["default"],"stdin":{}}
{"ts":1682004500376,"scriptPath":["lerna","build"],"envNames":["default"],"stdin":{}}
{"ts":1682004660285,"scriptPath":["publish"],"envNames":["default"],"stdin":{}}
{"ts":1682004722134,"scriptPath":["install","global"],"envNames":["default"],"stdin":{}}
{"ts":1682004745880,"scriptPath":["lerna","install"],"envNames":["default"],"stdin":{}}
{"ts":1682004933421,"scriptPath":["install","global"],"envNames":["default"],"stdin":{}}
{"ts":1682004943263,"scriptPath":["install","global"],"envNames":["default"],"stdin":{}}
{"ts":1682038385213,"scriptPath":["publish"],"envNames":["default"],"stdin":{}}
{"ts":1682038415198,"scriptPath":["install","global"],"envNames":["default"],"stdin":{}}
{"ts":1682049347337,"scriptPath":["publish"],"envNames":["default"],"stdin":{}}
{"ts":1682049382232,"scriptPath":["install","global"],"envNames":["default"],"stdin":{}}
{"ts":1682051200583,"scriptPath":["echo"],"envNames":["default"],"stdin":{}}
{"ts":1682051236874,"scriptPath":["echo"],"envNames":["default"],"stdin":{}}
{"ts":1682051246569,"scriptPath":["echo"],"envNames":["default"],"stdin":{}}
{"ts":1682051266608,"scriptPath":["echo"],"envNames":["default"],"stdin":{}}
{"ts":1682052066092,"scriptPath":["echo"],"envNames":["default"],"stdin":{}}
{"ts":1682052086619,"scriptPath":["echo"],"envNames":["default"],"stdin":{}}
{"ts":1682088414905,"scriptPath":["publish"],"envNames":["default"],"stdin":{}}
{"ts":1682088499697,"scriptPath":["install","global"],"envNames":["default"],"stdin":{}}
{"ts":1682260782804,"scriptPath":["publish"],"envNames":["default"],"stdin":{}}
{"ts":1682260816618,"scriptPath":["install","global"],"envNames":["default"],"stdin":{}}
{"ts":1682261101252,"scriptPath":["publish"],"envNames":["default"],"stdin":{}}
{"ts":1682261130530,"scriptPath":["install","global"],"envNames":["default"],"stdin":{}}
{"ts":1682261147700,"scriptPath":["install","global"],"envNames":["default"],"stdin":{}}
{"ts":1682261182793,"scriptPath":["install","global"],"envNames":["default"],"stdin":{}}
{"ts":1682291293091,"scriptPath":["install","local"],"envNames":["default"],"stdin":{}}
{"ts":1682293595753,"scriptPath":["install","local"],"envNames":["default"],"stdin":{}}
{"ts":1682293699664,"scriptPath":["publish"],"envNames":["default"],"stdin":{}}
{"ts":1682293739843,"scriptPath":["install","global"],"envNames":["default"],"stdin":{}}
{"ts":1682299813070,"scriptPath":["publish"],"envNames":["default"],"stdin":{}}
{"ts":1682299848525,"scriptPath":["install","global"],"envNames":["default"],"stdin":{}}
{"ts":1682301943321,"scriptPath":["echo"],"envNames":["default"],"stdin":{}}
{"ts":1682301948203,"scriptPath":["echo"],"envNames":["default"],"stdin":{}}
{"ts":1682316105773,"scriptPath":["publish"],"envNames":["default"],"stdin":{}}
{"ts":1682316141579,"scriptPath":["install","global"],"envNames":["default"],"stdin":{}}
{"ts":1682316737139,"scriptPath":["publish"],"envNames":["default"],"stdin":{}}
{"ts":1682316792507,"scriptPath":["install","global"],"envNames":["default"],"stdin":{}}
{"ts":1682467712479,"scriptPath":["publish"],"envNames":["default"],"stdin":{}}
{"ts":1682467796746,"scriptPath":["install","global"],"envNames":["default"],"stdin":{}}
{"ts":1682468917186,"scriptPath":["publish"],"envNames":["default"],"stdin":{}}
{"ts":1682468952918,"scriptPath":["install","global"],"envNames":["default"],"stdin":{}}
{"ts":1682476470452,"scriptPath":["publish"],"envNames":["default"],"stdin":{}}
{"ts":1682476496524,"scriptPath":["install","global"],"envNames":["default"],"stdin":{}}
{"ts":1682477126096,"scriptPath":["publish"],"envNames":["default"],"stdin":{}}
{"ts":1682477177026,"scriptPath":["install","global"],"envNames":["default"],"stdin":{}}
{"ts":1682482575514,"scriptPath":["publish"],"envNames":["default"],"stdin":{}}
{"ts":1682482826976,"scriptPath":["install","global"],"envNames":["default"],"stdin":{}}
{"ts":1682483609022,"scriptPath":["publish"],"envNames":["default"],"stdin":{}}
{"ts":1682483637739,"scriptPath":["install","global"],"envNames":["default"],"stdin":{}}
{"ts":1682492244488,"scriptPath":["publish"],"envNames":["default"],"stdin":{}}
{"ts":1682492273577,"scriptPath":["install","global"],"envNames":["default"],"stdin":{}}
{"ts":1682504611396,"scriptPath":["copy"],"envNames":["default"],"stdin":{}}
{"ts":1682504825709,"scriptPath":["copy"],"envNames":["default"],"stdin":{}}
{"ts":1682504925177,"scriptPath":["copy"],"envNames":["default"],"stdin":{}}
{"ts":1682509507334,"scriptPath":["publish"],"envNames":["default"],"stdin":{}}
{"ts":1682509549516,"scriptPath":["install","global"],"envNames":["default"],"stdin":{}}
{"ts":1682512812639,"scriptPath":["publish"],"envNames":["default"],"stdin":{}}
{"ts":1682512853209,"scriptPath":["install","global"],"envNames":["default"],"stdin":{}}
{"ts":1683674718810,"scriptPath":["publish"],"envNames":["default"],"stdin":{}}
{"ts":1683674821674,"scriptPath":["install","global"],"envNames":["default"],"stdin":{}}
